20240325	21:45:44	03db1f2a-fc4a-418c-bb39-4452ca3a05ce	Error	Not allowed by origin	OPTIONS	/	https://www.google.com
20240325	21:45:44	09ef41e5-a099-4470-b4bc-f7b79a4f094f	Error	Not allowed by origin	GET	/	https://www.google.com
20240326	15:25:31	b0300ad5-cee3-4614-b35a-50f2c4811b77	TypeError	req.send is not a function	GET	/users	undefined
20240326	15:25:39	25c07022-1fa4-49cf-ab8f-8852d7972dc7	TypeError	req.send is not a function	GET	/users	undefined
20240328	11:53:14	06fc3157-5f5d-4d59-acf2-8eed7608b98b	ReferenceError	id is not defined	PATCH	/users	undefined
20240328	11:53:30	151581a0-5f6a-4c17-a674-f5ae30a32d1f	ReferenceError	id is not defined	PATCH	/users	undefined
20240328	11:58:34	c6a40137-4fdb-4be7-9eb6-f26ffde6154a	SyntaxError	Expected ',' or '}' after property value in JSON at position 97	PATCH	/users	undefined
20240328	11:58:46	86f2278e-ff48-46ec-a313-a515309b500f	SyntaxError	Expected ',' or '}' after property value in JSON at position 97	PATCH	/users	undefined
20240328	12:23:14	7347cd07-bd24-471b-8480-3461eff26fcc	SyntaxError	Expected double-quoted property name in JSON at position 45	DELETE	/users	undefined
20240328	19:19:00	c0a9555b-4b34-4dea-868f-4fc73e4785e6	SyntaxError	Unexpected non-whitespace character after JSON at position 292	PATCH	/notes	undefined
20240328	19:34:35	3a4b7909-92f0-42b1-b832-ea2fe435cf5b	Error	Cannot set headers after they are sent to the client	DELETE	/notes	undefined
20240328	19:35:00	d962e158-ec47-443b-b7db-288c286ce37a	Error	Cannot set headers after they are sent to the client	DELETE	/notes	undefined
20240328	19:36:05	24cc9ab5-d369-4b99-9106-362edaeb3615	Error	Cannot set headers after they are sent to the client	DELETE	/notes	undefined
20240328	19:55:25	d543421e-a1b8-486a-add4-f396356560de	CastError	Cast to ObjectId failed for value "10" (type string) at path "_id" for model "Note"	GET	/notes/10	undefined
20240330	15:14:34	3ec63307-9667-4c1f-b6a4-37448b256d60	Error	Not allowed by origin	GET	/users	http://localhost:5173
20240330	15:14:36	fef2ac7e-cfb6-4526-91c0-1c3fb8cf7bc8	Error	Not allowed by origin	GET	/users	http://localhost:5173
20240331	00:44:46	0af312f1-d48e-43f6-87ce-f275584856cb	SyntaxError	Unexpected token ']', ..."manager", ]
}" is not valid JSON	POST	/users	undefined
20240331	16:25:11	b1214a44-b16f-4a34-9256-277e9a076fb0	TypeError	res is not a function	POST	/notes	http://localhost:5173
20240331	16:25:38	0d433857-19ab-4e54-a7fa-df758223ebb8	TypeError	res is not a function	POST	/notes	http://localhost:5173
20240331	16:27:17	35ab012b-1b5d-4d89-b2b0-bb11efe09ef6	TypeError	res is not a function	POST	/notes	http://localhost:5173
20240331	16:27:26	35954e50-da98-4482-b47e-f3096e348c82	TypeError	res is not a function	POST	/notes	http://localhost:5173
20240331	16:28:03	77bfffd6-e8e3-4dbe-883a-994bf3ee9ba6	TypeError	res is not a function	POST	/notes	http://localhost:5173
20240331	16:31:51	3c9421db-3c09-4275-976d-49d2c8854072	TypeError	res is not a function	POST	/notes	http://localhost:5173
20240331	16:32:50	85c91387-e240-4c17-8aff-330d4d32f218	TypeError	res is not a function	POST	/notes	http://localhost:5173
20240401	18:09:29	bc4b007a-8e4b-4d6c-83f5-84c068243f88	Error	Not allowed by origin	GET	/notes/recent	http://192.168.1.7:5173
20240401	18:09:29	8188de80-35e3-41ad-9f13-5343c61e5082	Error	Not allowed by origin	GET	/notes	http://192.168.1.7:5173
20240401	18:09:29	db655ae1-6218-4e95-8e39-7521d8e7e6cc	Error	Not allowed by origin	GET	/notes/featured	http://192.168.1.7:5173
20240401	18:09:29	a80f10ff-764b-4143-b9ca-85997309211d	Error	Not allowed by origin	GET	/notes/user/66099feffd301034d24eb7cf	http://192.168.1.7:5173
20240401	18:09:29	e9677da5-d5ae-44bd-a4f0-75f37c8122a1	Error	Not allowed by origin	GET	/users	http://192.168.1.7:5173
20240402	20:24:27	36431616-554f-4f21-9dc5-85d05cae5f74	Too many requests: Too many login attempts from this IP	POST	/	undefined
20240402	20:24:27	3cc0b700-b8e6-46c4-8ef7-d5b54b5737ea	Too many requests: Too many login attempts from this IP	POST	/	undefined
20240402	20:43:39	5e065876-add1-48b6-b038-24b49ae711f7	SyntaxError	Bad control character in string literal in JSON at position 17	POST	/auth/	undefined
20240402	21:21:49	1a9c6f87-5ee0-4a7a-8c57-a9d05259e382	TypeError	Cannot read properties of undefined (reading 'TOKEN')	POST	/auth/	undefined
20240402	21:21:54	7066e8d4-3a6f-4abd-bdb6-49db1a873d17	TypeError	Cannot read properties of undefined (reading 'TOKEN')	POST	/auth/	undefined
20240402	23:38:37	83e6c8ce-b857-498a-af65-8655e0014df0	TypeError	authHeader.spilt is not a function	POST	/users	undefined
20240402	23:38:42	ffdcacf1-fccd-4f73-ba12-9cc73650871f	TypeError	authHeader.spilt is not a function	POST	/users	undefined
20240402	23:46:36	e898bcb4-2abc-4774-957c-57dc83752885	TypeError	Cannot read properties of undefined (reading 'username')	POST	/users	undefined
20240402	23:46:43	f51bb0d7-1e78-41a3-804f-6e65f4e51add	TypeError	Cannot read properties of undefined (reading 'username')	POST	/users	undefined
20240402	23:46:48	f0af4d39-ed60-4b96-9db2-b7eb3cb35cd3	TypeError	Cannot read properties of undefined (reading 'username')	POST	/users	undefined
20240402	23:46:56	d7b5e99a-e426-4e08-88dc-e1bc45fbeeb9	TypeError	Cannot read properties of undefined (reading 'username')	POST	/users	undefined
20240402	23:46:57	ea5e929b-bf32-4fc9-be27-e4ffb2b063ce	TypeError	Cannot read properties of undefined (reading 'username')	POST	/users	undefined
20240402	23:46:58	a56ab4f1-e415-4438-bc5d-9f6571397a93	TypeError	Cannot read properties of undefined (reading 'username')	POST	/users	undefined
20240402	23:46:58	0fabd457-d19f-4834-b1e9-4e5e2e032f5c	TypeError	Cannot read properties of undefined (reading 'username')	POST	/users	undefined
20240402	23:48:23	55f2c359-0b60-49d5-8826-3c210b250e8a	TypeError	Cannot read properties of undefined (reading 'username')	POST	/users	undefined
20240402	23:50:19	026e6570-1494-4319-aedf-1e9ce3abc5e4	TypeError	Cannot read properties of undefined (reading 'username')	POST	/users	undefined
20240402	23:51:29	7fa11a1f-c688-4235-b776-878b0b28debf	TypeError	Cannot read properties of undefined (reading 'username')	POST	/users	undefined
20240402	23:52:10	a49f29c0-e076-4267-8747-5642abae9747	TypeError	Cannot read properties of undefined (reading 'username')	POST	/users	undefined
20240402	23:52:34	eb0e1132-0245-4037-922a-c546993c6bb0	TypeError	Cannot read properties of undefined (reading 'username')	POST	/users	undefined
20240406	12:06:01	7c75b1c3-efe4-4afb-a4e3-567ea89d0e11	TypeError	Cannot read properties of undefined (reading 'username')	GET	/notes/recent	http://localhost:5173
20240406	12:06:01	d84589af-227e-4b11-8e09-0a6ed4487d5c	TypeError	Cannot read properties of undefined (reading 'username')	GET	/notes/featured	http://localhost:5173
20240406	12:06:01	81a66bc3-48eb-4259-a977-c7fa19ae36e7	TypeError	Cannot read properties of undefined (reading 'username')	GET	/notes/user/66099feffd301034d24eb7cf	http://localhost:5173
20240406	12:06:05	49936e6f-26eb-47fe-895b-6ea1a91e1a55	TypeError	Cannot read properties of undefined (reading 'username')	GET	/notes/recent	http://localhost:5173
20240406	12:06:05	f4825a8a-d4f6-46b0-9d51-4b4065310d21	TypeError	Cannot read properties of undefined (reading 'username')	GET	/notes/featured	http://localhost:5173
20240406	12:06:05	084b3585-4d1d-4ed3-b608-486b33e847a9	TypeError	Cannot read properties of undefined (reading 'username')	GET	/notes/user/66099feffd301034d24eb7cf	http://localhost:5173
20240406	12:06:05	f44f2b25-3251-46cd-936c-ae5cdcec6954	TypeError	Cannot read properties of undefined (reading 'username')	GET	/notes	http://localhost:5173
20240406	12:06:05	ef61765a-0da9-48e7-a0b9-f4137105cc0f	TypeError	Cannot read properties of undefined (reading 'username')	GET	/users	http://localhost:5173
20240406	12:06:09	20415824-8b68-4014-806e-9e0a4c86ad7d	TypeError	Cannot read properties of undefined (reading 'username')	GET	/notes	http://localhost:5173
20240406	12:06:09	03854bed-731d-4705-8a30-a2f8f9ce915f	TypeError	Cannot read properties of undefined (reading 'username')	GET	/users	http://localhost:5173
20240406	12:06:09	4d5d1b37-19ca-44a4-9391-a5fcc646d09d	TypeError	Cannot read properties of undefined (reading 'username')	GET	/notes/recent	http://localhost:5173
20240406	12:06:09	478dc916-fe3a-470e-bed8-2a6a08cfe930	TypeError	Cannot read properties of undefined (reading 'username')	GET	/notes/featured	http://localhost:5173
20240406	12:06:09	a282a180-0bca-48b2-9744-2cd6ca136785	TypeError	Cannot read properties of undefined (reading 'username')	GET	/notes/user/66099feffd301034d24eb7cf	http://localhost:5173
20240406	12:06:37	51e4ff1b-0726-4258-b2e0-53f1e2fa9879	TypeError	Cannot read properties of undefined (reading 'username')	GET	/notes/recent	http://localhost:5173
20240406	12:06:37	79c6fe3c-2cbd-4c77-bc5c-66694df7b498	TypeError	Cannot read properties of undefined (reading 'username')	GET	/notes/featured	http://localhost:5173
20240406	12:06:37	ac4cdc82-48c8-4bfc-a6e1-6986985b712e	TypeError	Cannot read properties of undefined (reading 'username')	GET	/notes/user/66099feffd301034d24eb7cf	http://localhost:5173
20240406	12:06:44	67c5765e-acf1-44eb-b1f0-edf3a29fea05	TypeError	Cannot read properties of undefined (reading 'username')	GET	/notes/recent	http://localhost:5173
20240406	12:06:44	45b20a95-4433-4bf6-aed9-622ae941d66a	TypeError	Cannot read properties of undefined (reading 'username')	GET	/notes/featured	http://localhost:5173
20240406	12:06:44	8dfce625-b561-4239-be06-2c70e87913d1	TypeError	Cannot read properties of undefined (reading 'username')	GET	/notes/user/66099feffd301034d24eb7cf	http://localhost:5173
20240406	12:06:46	37a5d94e-5048-460c-9997-e5242a26d62e	TypeError	Cannot read properties of undefined (reading 'username')	GET	/notes/recent	http://localhost:5173
20240406	12:06:46	f40526ab-a94e-47c5-b563-58be0d912f47	TypeError	Cannot read properties of undefined (reading 'username')	GET	/notes/featured	http://localhost:5173
20240406	12:06:46	2be8815e-8bad-4d0d-b4fb-8fff27a7da45	TypeError	Cannot read properties of undefined (reading 'username')	GET	/notes/user/66099feffd301034d24eb7cf	http://localhost:5173
20240406	12:06:46	2ae10980-005e-4e09-999d-aa012ba273c6	TypeError	Cannot read properties of undefined (reading 'username')	GET	/notes	http://localhost:5173
20240406	12:06:46	7b2ca16e-9267-405a-be91-bb250b53c0c8	TypeError	Cannot read properties of undefined (reading 'username')	GET	/users	http://localhost:5173
20240406	12:40:44	5106b101-df3c-4a14-9901-f2be8f93d86f	TypeError	Cannot read properties of undefined (reading 'username')	GET	/notes/recent	http://localhost:5173
20240406	12:40:47	d1b0a1c2-3fdd-4e0a-bedb-eeb005db167a	TypeError	Cannot read properties of undefined (reading 'username')	GET	/notes	http://localhost:5173
20240406	12:40:48	3e7dfa19-2008-4a33-800f-710652b215c5	TypeError	Cannot read properties of undefined (reading 'username')	GET	/notes/featured	http://localhost:5173
20240406	12:40:51	737a1c56-9b25-4240-b526-287c9c9f5eb1	TypeError	Cannot read properties of undefined (reading 'username')	GET	/users	http://localhost:5173
20240406	12:40:52	24423f0b-5174-44f3-b992-3e4a2a64e2bd	TypeError	Cannot read properties of undefined (reading 'username')	GET	/notes/user/66099feffd301034d24eb7cf	http://localhost:5173
20240406	12:40:54	2be5efd3-c1e4-4854-8a5e-fb89cfcef0f5	TypeError	Cannot read properties of undefined (reading 'username')	GET	/notes/user/66099feffd301034d24eb7cf	http://localhost:5173
20240406	12:40:54	e5db8c49-dfe3-468c-a0a0-dc8e5cfda4f8	TypeError	Cannot read properties of undefined (reading 'username')	GET	/users	http://localhost:5173
20240406	12:40:54	0ef41f76-dd62-42bf-92eb-5f8e97d7fb80	TypeError	Cannot read properties of undefined (reading 'username')	GET	/notes/recent	http://localhost:5173
20240406	12:40:54	9df98025-0b5f-4698-b737-1cc105e71b35	TypeError	Cannot read properties of undefined (reading 'username')	GET	/notes/featured	http://localhost:5173
20240406	12:40:54	6b15987d-a063-4ad1-9c29-5d36db069c91	TypeError	Cannot read properties of undefined (reading 'username')	GET	/notes	http://localhost:5173
20240406	12:40:57	e3b53312-629d-4a8d-8a16-e413847978ec	TypeError	Cannot read properties of undefined (reading 'username')	GET	/notes/recent	http://localhost:5173
20240406	12:40:57	4c2ce8b3-bd27-4085-bbba-cc137d338c4e	TypeError	Cannot read properties of undefined (reading 'username')	GET	/notes/featured	http://localhost:5173
20240406	12:40:57	72625d90-bd2a-460a-afab-4d6a335752b7	TypeError	Cannot read properties of undefined (reading 'username')	GET	/notes/user/66099feffd301034d24eb7cf	http://localhost:5173
20240406	12:40:57	321759a1-cceb-41c3-8180-6a400abfe141	TypeError	Cannot read properties of undefined (reading 'username')	GET	/notes	http://localhost:5173
20240406	12:40:57	1bb07799-371b-4a54-a779-ad55785b8c35	TypeError	Cannot read properties of undefined (reading 'username')	GET	/users	http://localhost:5173
20240406	12:41:08	930a6527-6b3f-4645-8945-5f5a258cff8a	TypeError	Cannot read properties of undefined (reading 'username')	GET	/notes/recent	http://localhost:5173
20240406	12:41:08	a56b67bc-6228-423e-9f61-03828fea35a5	TypeError	Cannot read properties of undefined (reading 'username')	GET	/notes/user/66099feffd301034d24eb7cf	http://localhost:5173
20240406	12:41:08	e5a2b2f8-b5c8-47a2-a41d-bc9639d7aa34	TypeError	Cannot read properties of undefined (reading 'username')	GET	/notes/featured	http://localhost:5173
20240406	12:41:08	574c6dca-0fee-49f2-aa74-fb3b016781eb	TypeError	Cannot read properties of undefined (reading 'username')	GET	/notes	http://localhost:5173
20240406	12:41:08	ed35d3e3-2bdc-4883-9ec7-ee61cf496987	TypeError	Cannot read properties of undefined (reading 'username')	GET	/users	http://localhost:5173
20240406	12:41:10	8fe157d6-080e-470a-8e61-0bd2e9d4e45e	TypeError	Cannot read properties of undefined (reading 'username')	GET	/notes/recent	http://localhost:5173
20240406	12:41:10	593538c8-4b85-4f48-9157-93f5430b1697	TypeError	Cannot read properties of undefined (reading 'username')	GET	/notes/featured	http://localhost:5173
20240406	12:41:10	7f250606-9ec2-46a4-b2cd-dc5f6f61bc5e	TypeError	Cannot read properties of undefined (reading 'username')	GET	/notes/user/66099feffd301034d24eb7cf	http://localhost:5173
20240406	12:41:10	3395fb36-1904-4f34-a2df-0e4a18c877e6	TypeError	Cannot read properties of undefined (reading 'username')	GET	/notes	http://localhost:5173
20240406	12:41:10	38a9ad84-ad56-464e-9d3b-b6774a9c616e	TypeError	Cannot read properties of undefined (reading 'username')	GET	/users	http://localhost:5173
20240406	12:41:14	393bc153-ea96-498f-8b8c-b76100de3cdc	TypeError	Cannot read properties of undefined (reading 'username')	GET	/notes/recent	http://localhost:5173
20240406	12:41:14	d30bd836-0024-4a45-8ad5-8022da02728d	TypeError	Cannot read properties of undefined (reading 'username')	GET	/notes/featured	http://localhost:5173
20240406	12:41:14	63b2f57a-ae9b-490c-9e86-9e1eea136a58	TypeError	Cannot read properties of undefined (reading 'username')	GET	/notes/user/66099feffd301034d24eb7cf	http://localhost:5173
20240406	12:41:14	ab23607d-dfd8-4875-b407-3377adcc1907	TypeError	Cannot read properties of undefined (reading 'username')	GET	/users	http://localhost:5173
20240406	12:41:14	bd5667b7-131e-446c-bea1-a64eb4a5fb1b	TypeError	Cannot read properties of undefined (reading 'username')	GET	/notes	http://localhost:5173
20240406	12:44:23	c910bfa7-d168-483b-be7b-4f5f6900fb1b	TypeError	Cannot read properties of undefined (reading 'username')	GET	/notes/user/66099feffd301034d24eb7cf	http://localhost:5173
20240406	12:44:24	6d04bfa1-3944-4bd7-946d-f1423e89f868	TypeError	Cannot read properties of undefined (reading 'username')	GET	/notes	http://localhost:5173
20240406	12:44:24	dc9e8ff0-84c1-4baf-800c-551d1ab16ea3	TypeError	Cannot read properties of undefined (reading 'username')	GET	/notes/recent	http://localhost:5173
20240406	12:44:25	46abd186-0ae6-4ef9-b403-5b4f2a9840df	TypeError	Cannot read properties of undefined (reading 'username')	GET	/notes/featured	http://localhost:5173
20240406	12:44:25	bb7624dc-d70a-4115-81f8-063bace6bc64	TypeError	Cannot read properties of undefined (reading 'username')	GET	/users	http://localhost:5173
20240406	12:44:43	59769e3d-b4f1-4ac4-adec-ccbf404bce03	TypeError	Cannot read properties of undefined (reading 'username')	GET	/notes/recent	http://localhost:5173
20240406	12:44:43	cf8765ca-9de6-4763-8fdb-07aaeabc6715	TypeError	Cannot read properties of undefined (reading 'username')	GET	/notes/featured	http://localhost:5173
20240406	12:44:43	c81d0533-d8b5-4367-a6ff-5bb0663f4a41	TypeError	Cannot read properties of undefined (reading 'username')	GET	/notes/user/66099feffd301034d24eb7cf	http://localhost:5173
20240406	12:44:43	15772d89-040a-424c-98fd-0b963aa0db79	TypeError	Cannot read properties of undefined (reading 'username')	GET	/notes	http://localhost:5173
20240406	12:44:43	e806e2e0-5315-4aef-a9fe-38e9377500d8	TypeError	Cannot read properties of undefined (reading 'username')	GET	/users	http://localhost:5173
20240406	12:44:46	b768136b-71a5-4e70-817b-6ee3171316d0	TypeError	Cannot read properties of undefined (reading 'username')	GET	/notes/recent	http://localhost:5173
20240406	12:44:46	acfa3d4b-b2ea-4301-ace1-9f8fbd32e80e	TypeError	Cannot read properties of undefined (reading 'username')	GET	/notes/featured	http://localhost:5173
20240406	12:44:46	5b8dbe89-31bc-4c2f-871d-ac807ede1006	TypeError	Cannot read properties of undefined (reading 'username')	GET	/notes/user/66099feffd301034d24eb7cf	http://localhost:5173
20240406	12:44:46	8cdcfb91-1ab6-49e5-85d1-d5cbc488d82d	TypeError	Cannot read properties of undefined (reading 'username')	GET	/notes	http://localhost:5173
20240406	12:44:46	2df20adc-73bb-40cd-b4de-b8361c8a3903	TypeError	Cannot read properties of undefined (reading 'username')	GET	/users	http://localhost:5173
20240406	12:44:47	0d27eaaa-c889-4acf-ba04-aeec3c615ee9	TypeError	Cannot read properties of undefined (reading 'username')	GET	/notes/recent	http://localhost:5173
20240406	12:44:47	7b2c8475-14c6-4d5f-ae0d-765572b50757	TypeError	Cannot read properties of undefined (reading 'username')	GET	/notes/user/66099feffd301034d24eb7cf	http://localhost:5173
20240406	12:44:47	8a869435-c004-46b6-adf9-a96b3a10f791	TypeError	Cannot read properties of undefined (reading 'username')	GET	/notes	http://localhost:5173
20240406	12:44:47	b8a9fd67-f437-4038-b567-0c7026a88ba5	TypeError	Cannot read properties of undefined (reading 'username')	GET	/notes/featured	http://localhost:5173
20240406	12:44:47	ff67dadc-2225-43f4-a7f0-fdd7636df11f	TypeError	Cannot read properties of undefined (reading 'username')	GET	/users	http://localhost:5173
20240406	12:44:51	cd229631-ca25-4320-b84a-6e32bdd596a2	TypeError	Cannot read properties of undefined (reading 'username')	GET	/notes/recent	http://localhost:5173
20240406	12:44:51	35d0ae8e-2601-46c2-b4c7-dda3086662d5	TypeError	Cannot read properties of undefined (reading 'username')	GET	/notes/featured	http://localhost:5173
20240406	12:44:51	cfebd715-aa29-479b-a6c8-8085504447eb	TypeError	Cannot read properties of undefined (reading 'username')	GET	/notes/user/66099feffd301034d24eb7cf	http://localhost:5173
20240406	12:44:51	54fa1ee9-abd9-4a5c-9ee1-4fabfcc33a9c	TypeError	Cannot read properties of undefined (reading 'username')	GET	/notes	http://localhost:5173
20240406	12:44:51	0a37d795-4e2a-4cf0-857c-d7d52d875852	TypeError	Cannot read properties of undefined (reading 'username')	GET	/users	http://localhost:5173
20240406	12:44:54	9dc9f7b6-7a70-49c2-923d-9b8c092993b9	TypeError	Cannot read properties of undefined (reading 'username')	GET	/notes/recent	http://localhost:5173
20240406	12:44:54	230fdd99-46b8-47b9-894b-db56db91a45e	TypeError	Cannot read properties of undefined (reading 'username')	GET	/notes/featured	http://localhost:5173
20240406	12:44:54	b21483b9-c725-4c42-a7f4-dfdb86d33375	TypeError	Cannot read properties of undefined (reading 'username')	GET	/notes/user/66099feffd301034d24eb7cf	http://localhost:5173
20240406	12:44:54	e6910686-2e86-476d-ae94-68bea1d10544	TypeError	Cannot read properties of undefined (reading 'username')	GET	/notes	http://localhost:5173
20240406	12:44:54	9b015410-e7b9-491d-87a9-9e5c9a02e6a7	TypeError	Cannot read properties of undefined (reading 'username')	GET	/users	http://localhost:5173
20240406	12:44:59	8e48919f-75ee-4b5e-8693-f4624ae371e6	TypeError	Cannot read properties of undefined (reading 'username')	GET	/notes/recent	http://localhost:5173
20240406	12:44:59	8e2f75b9-2f69-4284-9b40-0d17d4f7a3d1	TypeError	Cannot read properties of undefined (reading 'username')	GET	/notes/featured	http://localhost:5173
20240406	12:44:59	061d16f4-cffa-46bb-bc12-bcf9132bef84	TypeError	Cannot read properties of undefined (reading 'username')	GET	/notes/user/66099feffd301034d24eb7cf	http://localhost:5173
20240406	12:44:59	196e518f-702f-418d-8a45-a1f978e2d114	TypeError	Cannot read properties of undefined (reading 'username')	GET	/notes	http://localhost:5173
20240406	12:44:59	01d31b74-3925-48be-8865-eddeb62266bc	TypeError	Cannot read properties of undefined (reading 'username')	GET	/users	http://localhost:5173
20240406	12:45:01	d96c5154-d9c7-4910-9915-e43123bd5ef9	TypeError	Cannot read properties of undefined (reading 'username')	GET	/notes/recent	http://localhost:5173
20240406	12:45:01	298eee61-85b3-4f94-a09e-be835bae73dc	TypeError	Cannot read properties of undefined (reading 'username')	GET	/notes/featured	http://localhost:5173
20240406	12:45:01	d8e3599f-6f52-4c6f-aad2-9310c9954931	TypeError	Cannot read properties of undefined (reading 'username')	GET	/notes/user/66099feffd301034d24eb7cf	http://localhost:5173
20240406	12:45:01	08651dde-2fde-48c9-86e7-86699e4fb231	TypeError	Cannot read properties of undefined (reading 'username')	GET	/notes	http://localhost:5173
20240406	12:45:01	2f50c885-09e2-40b3-a35f-e82c11f1da94	TypeError	Cannot read properties of undefined (reading 'username')	GET	/users	http://localhost:5173
20240406	12:45:03	21c67a0f-6332-4918-a101-d0c2eee28a07	TypeError	Cannot read properties of undefined (reading 'username')	GET	/notes/recent	http://localhost:5173
20240406	12:45:03	fba97150-df9f-43a3-bfb9-3a937525e1cd	TypeError	Cannot read properties of undefined (reading 'username')	GET	/notes/featured	http://localhost:5173
20240406	12:45:03	524e0109-c9c2-4276-bbff-8818c019198e	TypeError	Cannot read properties of undefined (reading 'username')	GET	/notes/user/66099feffd301034d24eb7cf	http://localhost:5173
20240406	12:45:03	0ec72953-ef55-4cbf-a222-63362a7ba177	TypeError	Cannot read properties of undefined (reading 'username')	GET	/notes	http://localhost:5173
20240406	12:45:03	4972596c-b71c-4781-acd7-fbb3eb26df70	TypeError	Cannot read properties of undefined (reading 'username')	GET	/users	http://localhost:5173
20240406	12:45:06	6ddd34ef-34d1-4890-8130-1af698189eeb	TypeError	Cannot read properties of undefined (reading 'username')	GET	/notes/recent	http://localhost:5173
20240406	12:45:06	9e2564f2-dc54-4614-8e54-becd9eaf3a36	TypeError	Cannot read properties of undefined (reading 'username')	GET	/notes/featured	http://localhost:5173
20240406	12:45:06	c2abf609-bc38-4209-90c2-bfceeb01b555	TypeError	Cannot read properties of undefined (reading 'username')	GET	/notes/user/66099feffd301034d24eb7cf	http://localhost:5173
20240406	12:45:06	9c4fdac2-100e-4dc4-b014-ff72cafa9a53	TypeError	Cannot read properties of undefined (reading 'username')	GET	/notes	http://localhost:5173
20240406	12:45:06	d3912836-9385-4fa9-a0c3-6c2ebce7e1aa	TypeError	Cannot read properties of undefined (reading 'username')	GET	/users	http://localhost:5173
20240406	13:03:42	c78c16db-bb83-4552-a07f-5e1100d6fc6e	TypeError	Cannot read properties of undefined (reading 'username')	GET	/notes/recent	http://localhost:5173
20240406	13:03:42	196b4ba1-a66f-4028-b48b-42623f4d23b0	TypeError	Cannot read properties of undefined (reading 'username')	GET	/users	http://localhost:5173
20240406	13:03:42	b00920b1-0705-4102-81bf-1c137474a637	TypeError	Cannot read properties of undefined (reading 'username')	GET	/notes/featured	http://localhost:5173
20240406	13:03:42	5a123e63-a10c-450e-b01c-73c054615f7a	TypeError	Cannot read properties of undefined (reading 'username')	GET	/notes/user/66099feffd301034d24eb7cf	http://localhost:5173
20240406	13:03:42	2cd778c3-8485-47c9-944d-a914bf904eb0	TypeError	Cannot read properties of undefined (reading 'username')	GET	/notes	http://localhost:5173
20240406	13:04:03	670c1a00-81bb-4687-b39b-006e9d144624	TypeError	Cannot read properties of undefined (reading 'username')	GET	/notes/recent	http://localhost:5173
20240406	13:04:03	be16681e-4b95-4ad0-a260-45acdb0b91ad	TypeError	Cannot read properties of undefined (reading 'username')	GET	/notes/featured	http://localhost:5173
20240406	13:04:03	e614e6e5-e926-4f4f-b91e-198a07cbace4	TypeError	Cannot read properties of undefined (reading 'username')	GET	/notes/user/66099feffd301034d24eb7cf	http://localhost:5173
20240406	13:04:03	71cead7e-b7ad-4272-964d-49120bf66f4f	TypeError	Cannot read properties of undefined (reading 'username')	GET	/notes	http://localhost:5173
20240406	13:04:03	e72671f3-ad0c-43ad-9ba8-67de385d7835	TypeError	Cannot read properties of undefined (reading 'username')	GET	/users	http://localhost:5173
20240406	13:04:07	aef85d53-a4d3-4a98-a02a-ba96ff22bff1	TypeError	Cannot read properties of undefined (reading 'username')	GET	/notes/recent	http://localhost:5173
20240406	13:04:07	8d8ddddb-f90c-44fd-aec9-ece8f8a75f49	TypeError	Cannot read properties of undefined (reading 'username')	GET	/notes/featured	http://localhost:5173
20240406	13:04:07	eaf5b3c1-370b-4175-940c-b7e2115b8e3e	TypeError	Cannot read properties of undefined (reading 'username')	GET	/notes/user/66099feffd301034d24eb7cf	http://localhost:5173
20240406	13:04:07	101bc79c-d6a3-420d-8d53-76e24dd9724b	TypeError	Cannot read properties of undefined (reading 'username')	GET	/notes	http://localhost:5173
20240406	13:04:07	2999f23f-7463-4e9f-8eec-09ba7d2511f4	TypeError	Cannot read properties of undefined (reading 'username')	GET	/users	http://localhost:5173
20240406	13:04:24	dc9835a3-7d63-431a-8303-1923b87d540e	TypeError	Cannot read properties of undefined (reading 'username')	GET	/notes/recent	http://localhost:5173
20240406	13:04:24	2cadebaf-b12a-492c-b620-6afd3eaa38e8	TypeError	Cannot read properties of undefined (reading 'username')	GET	/notes/user/66099feffd301034d24eb7cf	http://localhost:5173
20240406	13:04:24	5b6dfc81-7a88-417a-b630-9b1b1fa8aa38	TypeError	Cannot read properties of undefined (reading 'username')	GET	/notes	http://localhost:5173
20240406	13:04:24	99dbeea5-a3b6-4308-b473-4732730405f8	TypeError	Cannot read properties of undefined (reading 'username')	GET	/notes/featured	http://localhost:5173
20240406	13:04:24	b87a9766-d16f-4b8a-a8b0-fd59cb4394fc	TypeError	Cannot read properties of undefined (reading 'username')	GET	/users	http://localhost:5173
20240406	13:04:53	f8324410-d649-41d4-8215-01c94919af0b	TypeError	Cannot read properties of undefined (reading 'username')	GET	/notes/recent	http://localhost:5173
20240406	13:04:53	69d5a643-7ad3-4baf-ab83-7e8db0d5ae8b	TypeError	Cannot read properties of undefined (reading 'username')	GET	/notes/user/66099feffd301034d24eb7cf	http://localhost:5173
20240406	13:04:54	41e8de4a-bf36-457b-9a2d-4873aa126be8	TypeError	Cannot read properties of undefined (reading 'username')	GET	/users	http://localhost:5173
20240406	13:04:54	060e8047-a601-4a30-9eef-f710c0b41f28	TypeError	Cannot read properties of undefined (reading 'username')	GET	/notes/featured	http://localhost:5173
20240406	13:04:54	7df624bd-90e3-431a-a97c-46d0b3d105a9	TypeError	Cannot read properties of undefined (reading 'username')	GET	/notes	http://localhost:5173
20240406	13:05:34	f6989a38-7d13-4e56-a620-ca1c9d00df49	TypeError	Cannot read properties of undefined (reading 'username')	GET	/notes/recent	http://localhost:5173
20240406	13:05:34	4edd2796-76bc-4daf-9000-d1125860f1e0	TypeError	Cannot read properties of undefined (reading 'username')	GET	/notes/featured	http://localhost:5173
20240406	13:05:34	82dda611-20e5-4dd9-98bb-d36d03fc17ce	TypeError	Cannot read properties of undefined (reading 'username')	GET	/notes/user/66099feffd301034d24eb7cf	http://localhost:5173
20240406	13:05:34	245fd5b2-e4ff-4458-8d64-00644ad297f0	TypeError	Cannot read properties of undefined (reading 'username')	GET	/notes	http://localhost:5173
20240406	13:05:34	b21fb81e-6315-4cda-9fc9-7e2f1d4f6ebf	TypeError	Cannot read properties of undefined (reading 'username')	GET	/users	http://localhost:5173
20240406	13:05:42	832052bd-3db2-45f2-a83c-d71d93f98b75	TypeError	Cannot read properties of undefined (reading 'username')	GET	/notes/recent	http://localhost:5173
20240406	13:05:42	74266f88-0cd5-401b-a4b7-77bf7b5d80df	TypeError	Cannot read properties of undefined (reading 'username')	GET	/notes/featured	http://localhost:5173
20240406	13:05:42	627626c4-9d9f-46c5-8b38-630f1cea7b48	TypeError	Cannot read properties of undefined (reading 'username')	GET	/notes/user/66099feffd301034d24eb7cf	http://localhost:5173
20240406	13:05:42	4aaae91c-3694-4893-94c6-5a005a85d976	TypeError	Cannot read properties of undefined (reading 'username')	GET	/notes	http://localhost:5173
20240406	13:05:42	c695c7be-eaad-40b1-aba0-5d526bde5c68	TypeError	Cannot read properties of undefined (reading 'username')	GET	/users	http://localhost:5173
20240406	13:05:45	f33ff093-cdb9-495f-b0a0-f4229fe9e937	TypeError	Cannot read properties of undefined (reading 'username')	GET	/notes/recent	http://localhost:5173
20240406	13:05:45	6ff004d9-4534-497d-a840-783294f54ce7	TypeError	Cannot read properties of undefined (reading 'username')	GET	/notes/featured	http://localhost:5173
20240406	13:05:45	47ae1d7b-d11f-494c-9c86-c2fbed7fe615	TypeError	Cannot read properties of undefined (reading 'username')	GET	/notes/user/66099feffd301034d24eb7cf	http://localhost:5173
20240406	13:05:45	2db32797-4bd7-43f4-9897-3e6697e7ce2f	TypeError	Cannot read properties of undefined (reading 'username')	GET	/notes	http://localhost:5173
20240406	13:05:45	14242949-4f07-4212-9eec-608dc95c06dc	TypeError	Cannot read properties of undefined (reading 'username')	GET	/users	http://localhost:5173
20240406	13:06:08	21641712-4e44-4b6f-bc5e-789e8e28b302	TypeError	Cannot read properties of undefined (reading 'username')	GET	/notes/recent	http://localhost:5173
20240406	13:06:08	c63be179-4f3f-4b13-8af5-31f9508b2d57	TypeError	Cannot read properties of undefined (reading 'username')	GET	/notes/user/66099feffd301034d24eb7cf	http://localhost:5173
20240406	13:06:08	a72046ad-4483-44aa-90a0-0776be69f08c	TypeError	Cannot read properties of undefined (reading 'username')	GET	/notes	http://localhost:5173
20240406	13:06:08	e8b3eacf-9328-45e4-b97b-eb1311364a0c	TypeError	Cannot read properties of undefined (reading 'username')	GET	/users	http://localhost:5173
20240406	13:06:08	1b8fedd9-6b92-4168-a32c-1afb35d2262c	TypeError	Cannot read properties of undefined (reading 'username')	GET	/notes/featured	http://localhost:5173
20240406	13:06:37	e92cc1b1-6357-454a-87af-475cc27905a1	TypeError	Cannot read properties of undefined (reading 'username')	GET	/notes/recent	http://localhost:5173
20240406	13:06:37	5077d36b-a95c-438d-ba63-f629d96141cd	TypeError	Cannot read properties of undefined (reading 'username')	GET	/notes/featured	http://localhost:5173
20240406	13:06:37	eb1ca6e9-d6ff-4a50-903f-5ada0bddc310	TypeError	Cannot read properties of undefined (reading 'username')	GET	/notes/user/66099feffd301034d24eb7cf	http://localhost:5173
20240406	13:06:37	acc64b7a-6b53-4a95-b536-021682921baa	TypeError	Cannot read properties of undefined (reading 'username')	GET	/notes	http://localhost:5173
20240406	13:06:37	f5ace899-c22e-4e28-a5a9-b3ff6a68d25a	TypeError	Cannot read properties of undefined (reading 'username')	GET	/users	http://localhost:5173
20240406	13:06:41	c6933a80-7e17-460c-a605-ab47a6c72dc4	TypeError	Cannot read properties of undefined (reading 'username')	GET	/notes/recent	http://localhost:5173
20240406	13:06:41	cbfa1947-8d4a-47c2-a4bd-43672ebe72eb	TypeError	Cannot read properties of undefined (reading 'username')	GET	/notes/featured	http://localhost:5173
20240406	13:06:41	a178c8b4-60f6-4b4f-a12c-5b29b96d92d0	TypeError	Cannot read properties of undefined (reading 'username')	GET	/notes/user/66099feffd301034d24eb7cf	http://localhost:5173
20240406	13:06:41	a0f1fdc3-9fbd-4b27-b368-8079697215df	TypeError	Cannot read properties of undefined (reading 'username')	GET	/notes	http://localhost:5173
20240406	13:06:41	2fcb53f1-aedc-417f-8925-d446598fdf79	TypeError	Cannot read properties of undefined (reading 'username')	GET	/users	http://localhost:5173
20240406	13:06:42	f90f441a-0c48-4d5b-acd9-cff32ef9160f	TypeError	Cannot read properties of undefined (reading 'username')	GET	/notes/recent	http://localhost:5173
20240406	13:06:42	a51138b2-e448-4a16-921e-fc1ea056e02c	TypeError	Cannot read properties of undefined (reading 'username')	GET	/notes/featured	http://localhost:5173
20240406	13:06:42	0c23fd57-8782-4daa-9651-88a1033c9ebb	TypeError	Cannot read properties of undefined (reading 'username')	GET	/notes/user/66099feffd301034d24eb7cf	http://localhost:5173
20240406	13:06:42	7daa2649-0e99-4815-a2a0-12b00eb3a064	TypeError	Cannot read properties of undefined (reading 'username')	GET	/notes	http://localhost:5173
20240406	13:06:42	7d67bb7c-c374-43bb-8ac0-5ef0eb43fa44	TypeError	Cannot read properties of undefined (reading 'username')	GET	/users	http://localhost:5173
20240406	13:06:44	5ec7e06a-3179-4e4e-9cd8-b831192946bd	TypeError	Cannot read properties of undefined (reading 'username')	GET	/notes/recent	http://localhost:5173
20240406	13:06:44	de2d7b83-c9ed-4fe5-84e9-0aa9656cf9c8	TypeError	Cannot read properties of undefined (reading 'username')	GET	/notes/user/66099feffd301034d24eb7cf	http://localhost:5173
20240406	13:06:44	d35b09ec-1344-4484-910f-6f7939ac2549	TypeError	Cannot read properties of undefined (reading 'username')	GET	/notes/featured	http://localhost:5173
20240406	13:06:44	1ec362dd-3226-4dbe-8879-a4a57b4f9bee	TypeError	Cannot read properties of undefined (reading 'username')	GET	/notes	http://localhost:5173
20240406	13:06:44	7c27ae00-584a-4818-91ee-2ee07dfdf232	TypeError	Cannot read properties of undefined (reading 'username')	GET	/users	http://localhost:5173
20240406	13:06:46	833a5753-8fc0-4115-af79-8d916188e6ff	TypeError	Cannot read properties of undefined (reading 'username')	GET	/notes/recent	http://localhost:5173
20240406	13:06:46	fecc127d-0f3b-45cd-b7b7-93827ee3e984	TypeError	Cannot read properties of undefined (reading 'username')	GET	/notes/featured	http://localhost:5173
20240406	13:06:46	11003ec4-6616-497c-b219-7187d41c40fe	TypeError	Cannot read properties of undefined (reading 'username')	GET	/notes/user/66099feffd301034d24eb7cf	http://localhost:5173
20240406	13:06:46	8b001dad-cee2-4a84-8324-db8984123b78	TypeError	Cannot read properties of undefined (reading 'username')	GET	/notes	http://localhost:5173
20240406	13:06:46	6ae80f61-cde8-45ea-97c3-c948f502cf8b	TypeError	Cannot read properties of undefined (reading 'username')	GET	/users	http://localhost:5173
20240406	13:06:48	edf4d287-e0c9-4c2b-8ca6-a8285882a0cb	TypeError	Cannot read properties of undefined (reading 'username')	GET	/notes/recent	http://localhost:5173
20240406	13:06:48	ac01d9db-0ecc-4c13-a134-f8a5e8e76133	TypeError	Cannot read properties of undefined (reading 'username')	GET	/notes/featured	http://localhost:5173
20240406	13:06:48	15c72010-33aa-4941-8498-5ed52f60663f	TypeError	Cannot read properties of undefined (reading 'username')	GET	/notes/user/66099feffd301034d24eb7cf	http://localhost:5173
20240406	13:06:48	2c0c2ecd-7d75-42c9-b756-dbaa808c6ede	TypeError	Cannot read properties of undefined (reading 'username')	GET	/notes	http://localhost:5173
20240406	13:06:48	4f27dba3-59d9-4160-ac0a-9871789db969	TypeError	Cannot read properties of undefined (reading 'username')	GET	/users	http://localhost:5173
20240406	13:06:50	1937befa-128b-4a9d-8890-8bb376ea2150	TypeError	Cannot read properties of undefined (reading 'username')	GET	/notes/recent	http://localhost:5173
20240406	13:06:50	60ed5646-ce5d-41a4-8629-b58af450574f	TypeError	Cannot read properties of undefined (reading 'username')	GET	/notes/featured	http://localhost:5173
20240406	13:06:50	371795cf-23a9-461c-8352-94034073df72	TypeError	Cannot read properties of undefined (reading 'username')	GET	/notes/user/66099feffd301034d24eb7cf	http://localhost:5173
20240406	13:06:50	45c9b595-f30e-4609-b481-ac6c8e133964	TypeError	Cannot read properties of undefined (reading 'username')	GET	/notes	http://localhost:5173
20240406	13:06:50	d352203d-4ae1-4078-9170-2cac679a70f7	TypeError	Cannot read properties of undefined (reading 'username')	GET	/users	http://localhost:5173
20240406	13:06:52	70748999-262f-426e-b872-5efe310c5972	TypeError	Cannot read properties of undefined (reading 'username')	GET	/notes/recent	http://localhost:5173
20240406	13:06:52	97217baf-98b7-4579-8351-091985fdf5e4	TypeError	Cannot read properties of undefined (reading 'username')	GET	/notes/featured	http://localhost:5173
20240406	13:06:52	3637c13e-f07c-457b-8f8e-21268d4e3764	TypeError	Cannot read properties of undefined (reading 'username')	GET	/notes/user/66099feffd301034d24eb7cf	http://localhost:5173
20240406	13:06:52	5537c401-8e0b-4c53-9de2-f7e6368a5a96	TypeError	Cannot read properties of undefined (reading 'username')	GET	/notes	http://localhost:5173
20240406	13:06:52	2baad8de-362c-4c4f-b4ca-6fdb0054e16f	TypeError	Cannot read properties of undefined (reading 'username')	GET	/users	http://localhost:5173
20240406	13:06:55	473544df-fbaf-42d2-a0e3-1e37a4a81a53	TypeError	Cannot read properties of undefined (reading 'username')	GET	/notes/recent	http://localhost:5173
20240406	13:06:55	30947d9e-fa42-4c83-9695-e507988b3f20	TypeError	Cannot read properties of undefined (reading 'username')	GET	/notes/featured	http://localhost:5173
20240406	13:06:55	54284d5b-fb6c-4e83-bcb8-e66495ff332e	TypeError	Cannot read properties of undefined (reading 'username')	GET	/notes/user/66099feffd301034d24eb7cf	http://localhost:5173
20240406	13:06:55	51ef91e7-e552-469d-aa08-b6bb18225e5b	TypeError	Cannot read properties of undefined (reading 'username')	GET	/notes	http://localhost:5173
20240406	13:06:55	d502320d-3f05-4a62-b594-680ba64f5949	TypeError	Cannot read properties of undefined (reading 'username')	GET	/users	http://localhost:5173
20240406	13:06:58	67e11598-c76d-42dc-b07e-4d4245b2d714	TypeError	Cannot read properties of undefined (reading 'username')	GET	/notes/recent	http://localhost:5173
20240406	13:06:58	e82e866c-bf27-42dc-a459-8f1df233e416	TypeError	Cannot read properties of undefined (reading 'username')	GET	/notes/featured	http://localhost:5173
20240406	13:06:58	bbecab1d-a6ed-4bda-b9e1-183f3d58c1e9	TypeError	Cannot read properties of undefined (reading 'username')	GET	/notes/user/66099feffd301034d24eb7cf	http://localhost:5173
20240406	13:06:58	e92ce303-4060-4ebd-99ad-c8724c1c8610	TypeError	Cannot read properties of undefined (reading 'username')	GET	/notes	http://localhost:5173
20240406	13:06:58	d4768d96-be55-467f-89ac-9ee90ff3d59a	TypeError	Cannot read properties of undefined (reading 'username')	GET	/users	http://localhost:5173
20240406	13:07:00	12cae268-892b-4716-890b-e82556d12c13	TypeError	Cannot read properties of undefined (reading 'username')	GET	/notes/recent	http://localhost:5173
20240406	13:07:00	9564ea0f-f25e-42e1-9cf1-6ef190fcd01a	TypeError	Cannot read properties of undefined (reading 'username')	GET	/notes/featured	http://localhost:5173
20240406	13:07:00	f67b1838-eddb-4f4b-a53f-f9b540648b6a	TypeError	Cannot read properties of undefined (reading 'username')	GET	/notes/user/66099feffd301034d24eb7cf	http://localhost:5173
20240406	13:07:00	7e467375-19c5-4e94-8e77-98a635842de0	TypeError	Cannot read properties of undefined (reading 'username')	GET	/notes	http://localhost:5173
20240406	13:07:00	74d22fc4-279a-43a4-a7d7-6125d154a202	TypeError	Cannot read properties of undefined (reading 'username')	GET	/users	http://localhost:5173
20240406	13:07:02	7192352e-d03d-4e96-b07a-9ee27ca02354	TypeError	Cannot read properties of undefined (reading 'username')	GET	/notes/recent	http://localhost:5173
20240406	13:07:02	bf14ba86-d1f6-4277-9e81-4e1ba1134476	TypeError	Cannot read properties of undefined (reading 'username')	GET	/notes/featured	http://localhost:5173
20240406	13:07:02	45bbac6e-00e7-4163-8712-d67500c22ebf	TypeError	Cannot read properties of undefined (reading 'username')	GET	/notes/user/66099feffd301034d24eb7cf	http://localhost:5173
20240406	13:07:02	2b3e7b1a-3810-4fc4-ad64-d959c0cde64b	TypeError	Cannot read properties of undefined (reading 'username')	GET	/notes	http://localhost:5173
20240406	13:07:02	1a5b9e06-0f0f-43a6-8663-a83d47be22d4	TypeError	Cannot read properties of undefined (reading 'username')	GET	/users	http://localhost:5173
20240406	13:07:26	7d1d3d11-fa70-4a18-80e1-6b6ef3c25466	TypeError	Cannot read properties of undefined (reading 'username')	GET	/notes/recent	http://localhost:5173
20240406	13:07:26	2ae8ad44-4281-48bd-a819-b066701797d9	TypeError	Cannot read properties of undefined (reading 'username')	GET	/notes/featured	http://localhost:5173
20240406	13:07:26	7f8614b2-5a04-4ffe-829d-a304210d8dae	TypeError	Cannot read properties of undefined (reading 'username')	GET	/users	http://localhost:5173
20240406	13:07:26	35dedf5f-d426-4d40-b6d4-9b70da24c54b	TypeError	Cannot read properties of undefined (reading 'username')	GET	/notes/user/66099feffd301034d24eb7cf	http://localhost:5173
20240406	13:07:26	e205cc75-5976-4f75-9dcb-c41826f4ed03	TypeError	Cannot read properties of undefined (reading 'username')	GET	/notes	http://localhost:5173
20240406	13:07:43	0ce91ec1-b285-4e31-9193-c651f00c42d2	TypeError	Cannot read properties of undefined (reading 'username')	GET	/notes/recent	http://localhost:5173
20240406	13:07:43	e22de551-00d6-47dd-9602-2e68307ed535	TypeError	Cannot read properties of undefined (reading 'username')	GET	/notes/featured	http://localhost:5173
20240406	13:07:43	56223215-8e63-4a58-b093-fe0ea2a4c0ca	TypeError	Cannot read properties of undefined (reading 'username')	GET	/notes/user/66099feffd301034d24eb7cf	http://localhost:5173
20240406	13:07:43	2e10d5c2-13b0-4a9f-b0c0-f77419f219c0	TypeError	Cannot read properties of undefined (reading 'username')	GET	/notes	http://localhost:5173
20240406	13:07:43	d433685f-0295-4bb1-936e-a4f3d493dcf3	TypeError	Cannot read properties of undefined (reading 'username')	GET	/users	http://localhost:5173
20240406	13:08:43	4fbb86c3-e455-4d5d-baa3-fca198499f66	TypeError	Cannot read properties of undefined (reading 'username')	GET	/notes/recent	http://localhost:5173
20240406	13:09:01	ff281d5c-d11f-4f45-a43a-5cf2fd1b024b	TypeError	Cannot read properties of undefined (reading 'username')	GET	/notes/recent	http://localhost:5173
20240406	13:09:01	cb05d6c3-37e3-44d5-a7ee-3252b97f48ca	TypeError	Cannot read properties of undefined (reading 'username')	GET	/notes/featured	http://localhost:5173
20240406	13:09:01	f90b3e55-5080-4fbd-aae3-da5bd07e5ce9	TypeError	Cannot read properties of undefined (reading 'username')	GET	/notes/user/66099feffd301034d24eb7cf	http://localhost:5173
20240406	13:09:01	0e1c96f1-5e2a-4a2e-af4a-d557b3116d32	TypeError	Cannot read properties of undefined (reading 'username')	GET	/notes	http://localhost:5173
20240406	13:09:01	4c8bec37-6197-4163-abf3-b5b0ac8c42ee	TypeError	Cannot read properties of undefined (reading 'username')	GET	/users	http://localhost:5173
20240406	13:09:15	9782c748-51ff-422e-9deb-4c73e27da052	TypeError	Cannot read properties of undefined (reading 'username')	GET	/notes/recent	http://localhost:5173
20240406	13:09:15	41ebc562-9a98-428f-9478-a0ab6807862d	TypeError	Cannot read properties of undefined (reading 'username')	GET	/notes/featured	http://localhost:5173
20240406	13:09:15	92d7be6b-5181-463b-a313-2c5954ac1f86	TypeError	Cannot read properties of undefined (reading 'username')	GET	/notes/user/66099feffd301034d24eb7cf	http://localhost:5173
20240406	13:09:15	938ef5ca-2f14-450b-b285-85fcbd6ab1db	TypeError	Cannot read properties of undefined (reading 'username')	GET	/notes	http://localhost:5173
20240406	13:09:15	a50b7ac2-3741-449c-a4d0-b4207e94b94f	TypeError	Cannot read properties of undefined (reading 'username')	GET	/users	http://localhost:5173
20240406	13:09:17	2e0dddb9-0573-45a6-aafc-3578e4d996cf	TypeError	Cannot read properties of undefined (reading 'username')	GET	/notes/recent	http://localhost:5173
20240406	13:09:17	bb2cd47e-c03d-476c-8687-9676037a9f9f	TypeError	Cannot read properties of undefined (reading 'username')	GET	/notes/featured	http://localhost:5173
20240406	13:09:17	a3d10207-a9fa-4ce1-932d-efb7971dcd97	TypeError	Cannot read properties of undefined (reading 'username')	GET	/notes/user/66099feffd301034d24eb7cf	http://localhost:5173
20240406	13:09:17	932a4211-af78-4d40-9a44-db3dd18505e6	TypeError	Cannot read properties of undefined (reading 'username')	GET	/notes	http://localhost:5173
20240406	13:09:17	60924d7a-397c-4977-a2cd-44e71940808b	TypeError	Cannot read properties of undefined (reading 'username')	GET	/users	http://localhost:5173
20240406	13:09:29	f6a3bf34-81c3-46ed-96de-a1ec8dff38dd	TypeError	Cannot read properties of undefined (reading 'username')	GET	/notes/recent	http://localhost:5173
20240406	13:09:29	d273b420-489b-4596-8692-ac653c43e46f	TypeError	Cannot read properties of undefined (reading 'username')	GET	/notes/featured	http://localhost:5173
20240406	13:09:29	80a1446d-8cea-455a-af35-6481302358ea	TypeError	Cannot read properties of undefined (reading 'username')	GET	/notes/user/66099feffd301034d24eb7cf	http://localhost:5173
20240406	13:09:29	828eb3c1-887d-424a-b3ae-17137123b035	TypeError	Cannot read properties of undefined (reading 'username')	GET	/notes	http://localhost:5173
20240406	13:09:29	fe595159-f0d4-4214-9315-cbc79e85928c	TypeError	Cannot read properties of undefined (reading 'username')	GET	/users	http://localhost:5173
20240406	13:49:44	8130065e-9f6c-4bf8-a3d4-818cedcdcbac	TypeError	Cannot read properties of undefined (reading 'username')	GET	/notes/recent	http://localhost:5173
20240406	13:49:44	f346560d-9408-40a2-8cec-7a2cd04f22da	TypeError	Cannot read properties of undefined (reading 'username')	GET	/notes/featured	http://localhost:5173
20240406	13:49:44	37c1e379-806a-4ef9-9412-8f10d3e19c66	TypeError	Cannot read properties of undefined (reading 'username')	GET	/notes/user/66099feffd301034d24eb7cf	http://localhost:5173
20240406	13:49:44	26b2b9ca-0357-4e53-ae26-e44cf2b161f6	TypeError	Cannot read properties of undefined (reading 'username')	GET	/notes	http://localhost:5173
20240406	13:49:44	0b57104a-7c62-492e-8bc3-ed32fa9dfa37	TypeError	Cannot read properties of undefined (reading 'username')	GET	/users	http://localhost:5173
20240406	13:50:35	a60a72b8-941c-4f27-b972-fe3b13d485cc	TypeError	Cannot read properties of undefined (reading 'username')	GET	/users/6602a6a8e218bbedaa3e908d	undefined
20240406	13:50:44	4b631b7a-8d6e-435d-a9f2-2631a4fcd782	TypeError	Cannot read properties of undefined (reading 'username')	GET	/notes/recent	http://localhost:5173
20240406	13:51:13	8d9b2c77-3519-4213-8a3c-935218e2f35e	TypeError	Cannot read properties of undefined (reading 'username')	GET	/users/6602a6a8e218bbedaa3e908d	undefined
20240406	13:51:44	e9691fa5-d53f-44b7-aba6-2611a5e77dc2	TypeError	Cannot read properties of undefined (reading 'username')	GET	/notes/recent	http://localhost:5173
20240406	13:52:45	d0171775-ec90-43bc-b2cd-a86a1e6221a9	TypeError	Cannot read properties of undefined (reading 'username')	GET	/notes/recent	http://localhost:5173
20240406	13:53:00	3d329185-6143-48de-8ed2-63ee4acc4f84	TypeError	Cannot read properties of undefined (reading 'username')	GET	/notes/recent	http://localhost:5173
20240406	13:53:00	b2752546-19c5-4615-b6b2-896f0961d7ad	TypeError	Cannot read properties of undefined (reading 'username')	GET	/notes/featured	http://localhost:5173
20240406	13:53:00	ba3776ae-c43a-47b0-a88e-59a02139603e	TypeError	Cannot read properties of undefined (reading 'username')	GET	/notes/user/66099feffd301034d24eb7cf	http://localhost:5173
20240406	13:53:00	67731506-318f-4fce-8ee7-d0c0968680eb	TypeError	Cannot read properties of undefined (reading 'username')	GET	/notes	http://localhost:5173
20240406	13:53:00	b2d5345b-6358-4a27-aab5-3ac483e77cf6	TypeError	Cannot read properties of undefined (reading 'username')	GET	/users	http://localhost:5173
20240406	13:53:12	86ae27ae-af83-45db-9476-a193dd2eb5d7	TypeError	Cannot read properties of undefined (reading 'username')	GET	/notes/recent	http://localhost:5173
20240406	13:53:12	4600907a-d8f0-452a-b57a-913907c6e4e5	TypeError	Cannot read properties of undefined (reading 'username')	GET	/notes/featured	http://localhost:5173
20240406	13:53:12	599866d4-82a9-4213-a283-bf1b8de28f6d	TypeError	Cannot read properties of undefined (reading 'username')	GET	/notes/user/66099feffd301034d24eb7cf	http://localhost:5173
20240406	13:53:12	bbb9a005-ea9c-4930-a858-9c9f1169dbdd	TypeError	Cannot read properties of undefined (reading 'username')	GET	/notes	http://localhost:5173
20240406	13:53:12	90974293-9522-4064-a7b0-7ed541367b08	TypeError	Cannot read properties of undefined (reading 'username')	GET	/users	http://localhost:5173
20240406	13:53:20	8014149a-7ece-48f2-ba6e-6869e1845cce	TypeError	Cannot read properties of undefined (reading 'username')	GET	/notes/recent	http://localhost:5173
20240406	13:53:20	63a681df-954d-4ea0-af42-d66298eab893	TypeError	Cannot read properties of undefined (reading 'username')	GET	/notes/featured	http://localhost:5173
20240406	13:53:20	dfd5134e-96f4-4b8b-907a-90a930d9d5c4	TypeError	Cannot read properties of undefined (reading 'username')	GET	/notes/user/66099feffd301034d24eb7cf	http://localhost:5173
20240406	13:53:20	f95c28b2-9862-474e-8eb3-9beb79b05b54	TypeError	Cannot read properties of undefined (reading 'username')	GET	/notes	http://localhost:5173
20240406	13:53:20	3c9cbe91-c942-4329-92e6-69b60071f0d0	TypeError	Cannot read properties of undefined (reading 'username')	GET	/users	http://localhost:5173
20240406	13:54:20	32997fe0-1c98-42ad-9f11-dc8239fc2a63	TypeError	Cannot read properties of undefined (reading 'username')	GET	/notes/recent	http://localhost:5173
20240406	13:54:39	475c2f3e-dc00-4d09-926d-7158fe416ad3	TypeError	Cannot read properties of undefined (reading 'username')	GET	/notes/recent	http://localhost:5173
20240406	13:54:39	36dad052-0dff-408f-bb44-bcad46148dd4	TypeError	Cannot read properties of undefined (reading 'username')	GET	/notes/featured	http://localhost:5173
20240406	13:54:39	6338bb99-8f1f-4d4a-8f2b-a94be4ee31f6	TypeError	Cannot read properties of undefined (reading 'username')	GET	/notes/user/66099feffd301034d24eb7cf	http://localhost:5173
20240406	13:54:39	b217ce92-e98a-4465-92c6-2091ad9a42f4	TypeError	Cannot read properties of undefined (reading 'username')	GET	/notes	http://localhost:5173
20240406	13:54:39	cc0d3cc0-18b1-476f-8849-6ea6623958a2	TypeError	Cannot read properties of undefined (reading 'username')	GET	/users	http://localhost:5173
20240406	13:54:57	9710e84f-1dd5-446a-b136-98dbe4aca9ce	TypeError	Cannot read properties of undefined (reading 'username')	GET	/notes/recent	http://localhost:5173
20240406	13:54:57	d8f62195-6e6d-405a-ad78-5f1bbdf83d04	TypeError	Cannot read properties of undefined (reading 'username')	GET	/notes/featured	http://localhost:5173
20240406	13:54:57	420b5c0f-4867-4233-b8f8-88bfdfc34249	TypeError	Cannot read properties of undefined (reading 'username')	GET	/notes/user/66099feffd301034d24eb7cf	http://localhost:5173
20240406	13:54:57	5eddf46d-98f3-47b7-941c-29e2decec64f	TypeError	Cannot read properties of undefined (reading 'username')	GET	/notes	http://localhost:5173
20240406	13:54:57	84771929-89f1-48d2-9237-9b8e5c465b35	TypeError	Cannot read properties of undefined (reading 'username')	GET	/users	http://localhost:5173
20240406	13:55:41	56c3a0c2-7b74-446f-b35a-13e0e530fd70	TypeError	Cannot read properties of undefined (reading 'roles')	GET	/notes/recent	http://localhost:5173
20240406	13:55:41	1e694d59-a7fd-442c-b241-298224718964	TypeError	Cannot read properties of undefined (reading 'roles')	GET	/users	http://localhost:5173
20240406	13:55:41	014063da-17e1-4fa4-9a86-9dd575760192	TypeError	Cannot read properties of undefined (reading 'roles')	GET	/notes/featured	http://localhost:5173
20240406	13:55:41	903d7a44-503b-421d-816a-9c9f5c1d4fd6	TypeError	Cannot read properties of undefined (reading 'roles')	GET	/notes/user/66099feffd301034d24eb7cf	http://localhost:5173
20240406	13:55:41	29ed7799-b437-47e5-b2dc-295fb3b86009	TypeError	Cannot read properties of undefined (reading 'roles')	GET	/notes	http://localhost:5173
