20240325	21:03:46	200ab706-0eb6-484a-9eb5-4c431a48118b	GET	/	undefined
20240325	21:03:46	7f75ef93-c0af-448c-9289-59f65604b903	GET	/css/style.css	undefined
20240325	21:35:25	b271acd8-01df-4ddb-b537-608e53d52246	GET	/css/style.css	undefined
20240325	21:35:29	da4b73d0-bae6-4623-aab2-0d8ba445d56a	GET	/	undefined
20240325	21:35:29	f74d42d6-2a4e-4989-822e-05dbcdbe6bc6	GET	/css/style.css	undefined
20240325	21:35:40	aac52c29-b148-4efe-a9a5-0c8c8c8cd66b	GET	/	undefined
20240325	21:35:40	a210d33b-d324-4865-b1b0-160115cfefe4	GET	/css/style.css	undefined
20240325	21:44:43	9d02be66-4dbc-40f2-a468-5beb6fa970ea	OPTIONS	/	https://www.google.com
20240325	21:44:44	7c4eaff2-8ddf-43b0-9f32-c93a5d568a3d	GET	/	https://www.google.com
20240325	21:45:44	b1d16067-9fcb-4e41-9e58-6fdce8d37338	OPTIONS	/	https://www.google.com
20240325	21:45:44	47cc2749-09ac-4771-a921-fc0d726b8ab2	GET	/	https://www.google.com
20240325	21:45:58	65fde704-d85e-4a9b-89a8-571c0181b9b9	GET	/	undefined
20240325	21:45:58	407f6e77-54f3-4889-9fe6-44fc390e4b0b	GET	/css/style.css	undefined
20240325	21:46:00	2947aec5-b790-4aff-a1ad-e34ed1e51e6a	GET	/	undefined
20240325	21:46:00	ed9d5f53-cda8-45c2-87b7-66d122439a35	GET	/css/style.css	undefined
20240325	21:49:34	6a3b4cb5-7629-4a30-9e58-854d061f0100	GET	/	undefined
20240325	21:49:34	aba26837-69fc-4e9e-9cc5-607c7a103e65	GET	/css/style.css	undefined
20240325	22:02:57	c502deda-b1e7-402a-bc61-701779ce0528	GET	/	undefined
20240325	22:02:57	5d5c846b-216f-4cf3-a8d0-fd01ccc469b3	GET	/css/style.css	undefined
20240325	23:09:29	152a8d18-de75-4f1a-8e02-b20d0b64e173	GET	/css/style.css	undefined
20240325	23:15:31	fcbcfba9-99b9-4a85-bafa-59f6d6963f26	GET	/	undefined
20240325	23:15:54	e0a80c46-5892-4fc8-9981-e3ca64a40e92	GET	/	undefined
20240325	23:15:54	1ca66dd4-539f-492c-8552-2908225dcf09	GET	/css/style.css	undefined
20240325	23:31:05	89c9af70-e01c-4e88-a7ad-cf3b8b86e19b	GET	/	undefined
20240325	23:31:05	420d8e3c-7f6b-43a6-974e-97001d526894	GET	/css/style.css	undefined
20240326	15:25:31	15db11e3-a042-4025-b95d-9cbda48c53c9	GET	/users	undefined
20240326	15:25:39	8a6f7021-b21b-4757-98b7-e6924e2b47a7	GET	/users	undefined
20240326	15:26:12	4fddb93e-8382-476f-b537-f9b2854deaa5	GET	/users	undefined
20240326	15:28:22	dcb645ee-5815-476a-815e-ac97791934dc	GET	/users	undefined
20240326	15:30:31	231cdb65-cfbf-4beb-8185-4cc3f3af41c3	GET	/users	undefined
20240326	15:35:57	45497f0d-f8aa-42ec-ac86-8798560ca0cf	GET	/users	undefined
20240326	15:39:35	00a7ac0d-68ec-42bf-8ad7-7cf0e9f123d0	GET	/users	undefined
20240326	15:42:46	540deac3-f027-46ca-befc-e59eaabeb851	GET	/users	undefined
20240326	15:42:48	de34eafd-c45d-4d9e-97ba-9293f8f55081	GET	/users	undefined
20240326	16:01:32	8daf25c0-8c57-4bdb-8be9-ec72af8c028a	POST	/users	undefined
20240326	16:01:42	33bba5d6-ddb7-4014-abba-a468a1b131b7	GET	/users	undefined
20240326	16:02:00	5777fbf5-1dc6-4adb-8a20-c92e200737ee	POST	/users	undefined
20240326	16:02:12	cfa36ab2-ea51-474b-86a6-63e791c2a06d	POST	/users	undefined
20240326	16:04:30	49e1fc65-f216-4e1a-a112-7991d01d0e62	POST	/users	undefined
20240326	16:04:33	ebe6f92c-c256-4d9b-9396-b0847d126782	POST	/users	undefined
20240326	16:04:34	bae1bc51-aa75-49f3-83a7-531e8b95ade8	POST	/users	undefined
20240326	16:04:39	4ac05564-c833-480b-8c81-f3248d8d6b5c	GET	/users	undefined
20240326	16:04:47	dfea395f-0053-419b-a31a-7f86eff35afa	GET	/users	undefined
20240326	16:04:52	cb719791-874f-4bb1-be90-e7fc9fa3a05c	POST	/users	undefined
20240326	16:12:31	0a36d2d4-cf37-479a-b9ae-0c9e4e8da2d0	POST	/users	undefined
20240326	16:12:37	7e275b4a-31a2-47b1-96e1-65d416384dda	POST	/users	undefined
20240326	16:12:38	296f9f99-1498-4c27-9eaf-5bf211c22d1a	POST	/users	undefined
20240326	16:12:40	c3afaf83-7875-4e8c-b4fa-336a34f0e0b9	POST	/users	undefined
20240326	16:12:48	7bf4da86-d20e-40a7-9d94-31748b2630df	POST	/users	undefined
20240326	16:13:03	5c8757c6-8e12-4285-a3c0-87ec05c0a1bc	POST	/users	undefined
20240326	16:13:07	a4af8317-e1dc-484e-80a6-264b19cb77e5	POST	/users	undefined
20240326	16:13:09	3ab170ab-b811-4acd-8efc-7dd09d4622a8	POST	/users	undefined
20240326	16:13:10	0e62f30b-73de-4682-a3e4-060e5aff7ff3	POST	/users	undefined
20240326	16:13:51	f1877fcd-8e7c-462f-a884-e2c7f5dd55b1	POST	/users	undefined
20240326	16:13:56	8577527b-68be-4564-a483-afd8c50366c0	POST	/users	undefined
20240328	11:32:04	cc35c5ec-c5a2-42d3-a493-840155db4f31	POST	/users	undefined
20240328	11:48:02	0c32ef5f-b4f9-4bf3-8167-60eb7d07704b	GET	/users	undefined
20240328	11:48:30	f57bbd4c-03dc-45c4-99b2-5bfc5e21937c	PUT	/users	undefined
20240328	11:48:49	fd92a411-9354-435d-9729-1bb371cc7192	PUT	/users	undefined
20240328	11:48:56	6f38740e-fc41-4cee-9599-aea944e27924	PATCH	/users	undefined
20240328	11:53:14	1f49f95f-fa1d-4d02-b149-968ee0d8d7b9	PATCH	/users	undefined
20240328	11:53:30	170d2efe-d197-42b9-a821-6ce457b770c6	PATCH	/users	undefined
20240328	11:54:14	244e0592-41f5-4cbb-8cdd-d4283b9d3415	PATCH	/users	undefined
20240328	11:54:19	6b566b9c-b414-4cfe-8319-e8d1970df330	PATCH	/users	undefined
20240328	11:54:27	9805d7fa-5f7c-4c28-8172-cac964c15431	PATCH	/users	undefined
20240328	11:56:05	18abb896-fbc5-4133-977d-d140842a841d	PATCH	/users	undefined
20240328	11:56:34	1d02eab3-0eca-4264-a993-697984ed44fc	PATCH	/users	undefined
20240328	11:56:48	2d8501bf-c21d-4e9e-8c58-77f1f07fc0df	PATCH	/users	undefined
20240328	11:56:54	250c93b2-1216-4243-b3b8-9cb52fb0b147	PATCH	/users	undefined
20240328	11:57:00	3aca8552-edb9-486e-a6e1-4640e47692d7	PATCH	/users	undefined
20240328	11:57:10	4a67a69c-68fd-47dc-8644-da0b5325bd25	PATCH	/users	undefined
20240328	11:58:00	f33c4c02-bca4-447d-819d-a3887cbc3942	PATCH	/users	undefined
20240328	11:58:06	cb807fb9-0d4f-4d3b-a38f-6e69904fcdcd	PATCH	/users	undefined
20240328	11:58:34	2baa8e80-a55a-44cb-8ffb-68219a33a688	PATCH	/users	undefined
20240328	11:58:46	1099d6be-f92e-44a9-b108-a05943ceab7c	PATCH	/users	undefined
20240328	11:58:55	d6cb5271-74c8-4b52-b452-68e41974d4db	PATCH	/users	undefined
20240328	11:59:01	d4336b32-3f65-4305-a4e3-8e77a5e8268a	PATCH	/users	undefined
20240328	11:59:34	0ec1edfa-3f03-4024-932f-d9d2ca5b18ff	PATCH	/users	undefined
20240328	11:59:37	e9db5803-d31e-4bb2-9926-234fcfc1a94d	PATCH	/users	undefined
20240328	11:59:39	69c52dfc-35e1-4ca8-b685-ae80b3aeb49f	PATCH	/users	undefined
20240328	11:59:40	c2a10be3-85f5-4bf6-9973-41a930ff2bf1	PATCH	/users	undefined
20240328	11:59:56	a75a739b-1827-4631-b554-1dedad24e297	PATCH	/users	undefined
20240328	12:02:18	c5f190f7-d0a6-4faa-bc71-29938b0993fc	PATCH	/users	undefined
20240328	12:02:24	21f4ef08-22c0-409d-a61f-4e43c112ef31	PATCH	/users	undefined
20240328	12:02:30	b046fa02-a5d3-49f1-bfc6-c8326d6f6b81	PATCH	/users	undefined
20240328	12:02:35	c4c75886-6681-4ec1-8381-b50a788dbf16	PATCH	/users	undefined
20240328	12:02:40	2c395da7-00d4-4a8f-a6fe-3fa57775c7af	PATCH	/users	undefined
20240328	12:02:49	dd393374-bc9d-4ce9-96f1-2a162930c729	PATCH	/users	undefined
20240328	12:03:09	c321898b-3f1b-4091-bb9a-6b418597a31b	PATCH	/users	undefined
20240328	12:07:06	babc560a-7600-44c6-801a-4b247ce8e985	PATCH	/users	undefined
20240328	12:07:10	58351136-c691-4c21-81e4-ada782ab86e2	PATCH	/users	undefined
20240328	12:07:11	bcbcd530-d28b-4cfc-9c1a-7059169c7c20	PATCH	/users	undefined
20240328	12:22:37	6c7965bd-62aa-4f68-aef3-215e1c85765f	GET	/users	undefined
20240328	12:23:14	6fa8168f-bba3-4bb7-ba1a-4ef0ba000a21	DELETE	/users	undefined
20240328	12:23:23	fa27117e-eb43-456b-941f-9fec0c869efb	DELETE	/users	undefined
20240328	12:24:39	61c2ebb0-21c0-4393-bf06-f162d6efa1c9	DELETE	/users	undefined
20240328	12:26:14	f860c7f0-37b6-49fa-81c9-b1a11c4d6f3a	DELETE	/users	undefined
20240328	12:41:18	04d13c77-b0c5-41bd-bbda-3f56bcc4b57d	DELETE	/users	undefined
20240328	12:41:21	6cd2454c-8123-4313-9cc0-25c075035b5f	DELETE	/users	undefined
20240328	12:41:26	3bbb6511-7a64-4d9d-b861-7c18fa4403b4	DELETE	/users	undefined
20240328	12:41:31	d13b3326-462e-4519-beb3-9346496b4118	GET	/users	undefined
20240328	12:41:44	2c318c15-43d7-4c97-9d5d-72e45b0764d0	DELETE	/users	undefined
20240328	12:41:46	b0f0b639-acfe-4de7-8472-72ae00524399	DELETE	/users	undefined
20240328	12:41:51	b15550b3-fa9c-42d8-93ec-91ad5ac6976f	GET	/users	undefined
20240328	12:42:07	8f1266ae-fb17-4820-b77a-1ff677780c8e	DELETE	/users	undefined
20240328	12:42:08	f4339137-e248-4015-920a-eed6a57380a2	DELETE	/users	undefined
20240328	12:42:13	978143c0-ce14-4623-932d-95157c508db2	GET	/users	undefined
20240328	12:51:15	0e0d9832-2689-45b8-9296-21dea7a02338	GET	/notes	undefined
20240328	12:51:22	6c9013cc-1151-496b-9b91-a290e9b5378a	GET	/notes	undefined
20240328	12:51:27	cc6d04d0-ec2b-4561-b6bb-06d3df001842	GET	/notes	undefined
20240328	12:51:31	5f4ddeb3-b513-4377-9906-667fedfd8f7a	POST	/notes	undefined
20240328	12:51:35	090516bb-478f-47a4-85a8-d6b61f2e92aa	DELETE	/notes	undefined
20240328	12:52:06	e8d2a077-ebc4-4a8e-a7f8-316903441e58	DELETE	/notes	undefined
20240328	12:52:11	46c45488-5496-4f9a-a5e9-540fe7850f1f	DELETE	/notes	undefined
20240328	12:52:16	94e2b24b-b05f-4c0d-8703-25b2566d6f52	PUT	/notes	undefined
20240328	12:52:21	b930e442-256b-4f1c-8e73-ee4c5cbdda8c	PATCH	/notes	undefined
20240328	12:56:20	467a9d10-8328-4f00-87f4-6a98046cfdd6	GET	/notes	undefined
20240328	13:03:52	1262369b-333c-4d3b-a7fd-2c7c5c55e413	GET	/notes	undefined
20240328	13:05:13	d0dc6946-1b6e-48f4-b928-7d85c0b83cfe	POST	/notes	undefined
20240328	13:05:18	cbcb9a44-9f00-4882-89e9-8e60bdaf111c	POST	/notes	undefined
20240328	13:05:26	fbfbd234-735e-4650-80af-bd57cbbd098b	GET	/notes	undefined
20240328	13:11:34	80652f16-9125-4151-9529-8c008aba000d	GET	/notes	undefined
20240328	13:11:49	2c87bf04-3a2f-448e-94ec-0f84ef74db98	POST	/notes	undefined
20240328	13:13:24	3c9ddc97-9917-4cc2-90fa-750c54c256da	POST	/notes	undefined
20240328	13:13:43	aeaf0ec9-112a-4b53-880e-3ce3fed9f609	GET	/notes	undefined
20240328	19:18:49	06687e38-63d8-4777-a153-b7cfda2dd5d8	GET	/notes	undefined
20240328	19:19:00	16829b86-331c-42fd-a242-a6020d4524c0	PATCH	/notes	undefined
20240328	19:19:10	2791223e-4c04-4359-8d16-930d53e86504	PATCH	/notes	undefined
20240328	19:19:20	4bf6527c-8c2b-46be-a533-c713d9be9f69	PATCH	/notes	undefined
20240328	19:19:21	541bd8f1-2656-4d07-8793-f5af4abb9c3e	PATCH	/notes	undefined
20240328	19:19:21	4c152384-e0e5-4a4d-80b5-07923804548b	PATCH	/notes	undefined
20240328	19:19:22	936645b5-eac4-43c8-8403-7442a12b485b	PATCH	/notes	undefined
20240328	19:19:25	29f80d39-8933-46d6-9e57-691494d92cbf	PATCH	/notes	undefined
20240328	19:19:30	5871730d-7d38-448d-9151-0df122b059a6	PATCH	/notes	undefined
20240328	19:19:39	4510202d-ed2f-45af-9ec9-3c6e244da3be	PATCH	/notes	undefined
20240328	19:19:44	5ab8a521-c4f2-4223-8656-92cd3b698444	PATCH	/notes	undefined
20240328	19:19:50	3b389caf-8338-4543-882a-6d508aec95da	PATCH	/notes	undefined
20240328	19:19:52	f4c97afe-c60e-41ae-a128-c222e01d6ba2	PATCH	/notes	undefined
20240328	19:19:52	e3be4483-50be-45a3-9828-cd92b685719c	PATCH	/notes	undefined
20240328	19:19:54	e0c7fbf9-b8a2-4cfd-af56-aa49c25c2025	PATCH	/notes	undefined
20240328	19:20:05	29443cf8-c5af-4a94-ac1a-973830aa09f2	PATCH	/notes	undefined
20240328	19:20:22	133b0db1-1964-4dbc-8085-a83c2e572cc1	PATCH	/notes	undefined
20240328	19:20:30	52aad681-a15e-4277-afa8-2fb215e65824	PATCH	/notes	undefined
20240328	19:20:34	71f13a05-efba-4423-a4bc-00844f1bd233	PATCH	/notes	undefined
20240328	19:20:37	d678df45-8bee-4eff-b7c1-6aff7f349774	PATCH	/notes	undefined
20240328	19:20:38	34821c6e-fa04-4fcc-902f-5546e910508e	PATCH	/notes	undefined
20240328	19:20:42	e45a7b80-0c96-49f6-a721-296c38a6e3cf	PATCH	/notes	undefined
20240328	19:20:53	389ed079-f6a0-4f00-b291-5cefebee0638	PATCH	/notes	undefined
20240328	19:34:35	97f0c127-879d-4a00-90ae-a90504b0903a	DELETE	/notes	undefined
20240328	19:34:59	163e6b70-f3f1-48e3-8c96-f9320fac314b	DELETE	/notes	undefined
20240328	19:35:56	adbd7e8d-1ee9-4879-ad50-ac8b4fdc1194	DELETE	/notes	undefined
20240328	19:36:03	3137b346-6bf9-4d49-b784-eaa70f23fd87	DELETE	/notes	undefined
20240328	19:36:05	63a5c51d-9674-48a7-84f9-7e86c569c115	DELETE	/notes	undefined
20240328	19:46:07	f218f457-3cf4-4fee-a3dd-e13696e9a67b	DELETE	/notes	undefined
20240328	19:46:11	06bd1ecd-cb05-40a3-85d1-d05971625fe3	GET	/notes	undefined
20240328	19:46:20	5ff3f060-d0b4-476c-8b5d-d7401cb75344	GET	/users	undefined
20240328	19:46:32	860e6bf0-fcd2-439c-a63c-236f620f1250	GET	/notes	undefined
20240328	19:51:56	c4661c14-fd32-4dd0-9028-77bc81293791	GET	/notes/10	undefined
20240328	19:52:09	b01a1533-ee55-47a9-a67d-a1a8a8f0c1d0	GET	/notes/10	undefined
20240328	19:52:42	534f4e46-df5c-4d0c-bf4d-83742062c5c2	GET	/notes/10	undefined
20240328	19:55:25	4e96f8ae-609e-4680-9322-7acacfcdff5e	GET	/notes/10	undefined
20240328	19:57:20	2cc9252b-1308-4639-be5f-92c97c67a6d0	GET	/notes/10	undefined
20240328	19:57:39	e44e3bfd-913f-4ae6-a379-57c681c182a6	GET	/notes/66051db1db3f2a377bbf1024	undefined
20240328	19:57:41	e7999467-8b79-4896-8b8e-e7f6d4280644	GET	/notes/66051db1db3f2a377bbf1024	undefined
20240328	19:57:46	fad6d6a1-1194-4ab9-8784-ccc3c741a01f	GET	/notes/66051db1db3f2a377bbf1025	undefined
20240328	19:57:51	d81c5a0e-ad8a-4e09-b836-ea6b44ec1230	GET	/notes/66051db1db3f2a377bbf1024	undefined
20240328	19:57:58	60a60a23-2d95-4f47-9004-541ca6c6cffc	GET	/notes/	undefined
20240328	19:58:05	3789dbcb-5447-424e-a2ac-f3cba79a468b	GET	/notes/66051db625a321ff824d9f50	undefined
